<?xml version="1.0" encoding="UTF-8"?>
<!-- Generated by org.testng.reporters.JUnitReportReporter -->
<testsuite hostname="Alesja" failures="0" tests="5" name="com.teachaway.tests.TestCompleteProfilePage" time="0.000" errors="0" timestamp="2023-05-22T00:10:26 CEST" skipped="5">
  <testcase classname="com.teachaway.tests.TestCompleteProfilePage" name="enterGeneralInfoData" time="0.000">
    <skipped/>
  </testcase> <!-- enterGeneralInfoData -->
  <system-out/>
  <testcase classname="com.teachaway.tests.TestCompleteProfilePage" name="enterWhatInterestsYouDetails" time="0.000">
    <skipped/>
  </testcase> <!-- enterWhatInterestsYouDetails -->
  <system-out/>
  <testcase classname="com.teachaway.tests.TestCompleteProfilePage" name="enterPersonalInfo" time="0.000">
    <skipped/>
  </testcase> <!-- enterPersonalInfo -->
  <system-out/>
  <testcase classname="com.teachaway.tests.TestCompleteProfilePage" name="enterEducationInfo" time="0.000">
    <skipped/>
  </testcase> <!-- enterEducationInfo -->
  <system-out/>
  <testcase classname="com.teachaway.tests.TestCompleteProfilePage" name="enterExperience" time="0.000">
    <skipped/>
  </testcase> <!-- enterExperience -->
  <system-out/>
</testsuite> <!-- com.teachaway.tests.TestCompleteProfilePage -->
