<?xml version="1.0" encoding="UTF-8"?>
<!-- Generated by org.testng.reporters.JUnitReportReporter -->
<testsuite hostname="Alesja" failures="0" tests="1" name="com.teachaway.tests.TestDashboardPage" time="61.198" errors="0" timestamp="2023-05-22T18:44:15 CEST" skipped="0">
  <testcase classname="com.teachaway.tests.TestDashboardPage" name="printEligibleCandidates" time="61.198"/>
  <system-out/>
</testsuite> <!-- com.teachaway.tests.TestDashboardPage -->
