<?xml version="1.0" encoding="UTF-8"?>
<!-- Generated by org.testng.reporters.JUnitReportReporter -->
<testsuite hostname="Alesja" failures="0" tests="2" name="com.teachaway.tests.TestJobsAbroadPage" time="0.000" errors="0" timestamp="2023-05-23T23:13:10 CEST" skipped="2">
  <testcase classname="com.teachaway.tests.TestJobsAbroadPage" name="searchJobsForSpecificCountryAndPosition" time="0.000">
    <skipped/>
  </testcase> <!-- searchJobsForSpecificCountryAndPosition -->
  <system-out/>
  <testcase classname="com.teachaway.tests.TestJobsAbroadPage" name="searchJobsForSpecificCountryAndAllPositions" time="0.000">
    <skipped/>
  </testcase> <!-- searchJobsForSpecificCountryAndAllPositions -->
  <system-out/>
</testsuite> <!-- com.teachaway.tests.TestJobsAbroadPage -->
