<?xml version="1.0" encoding="UTF-8"?>
<!-- Generated by org.testng.reporters.JUnitReportReporter -->
<testsuite hostname="Alesja" failures="0" tests="1" name="com.teachaway.tests.TestEnrollmentPage" time="41.033" errors="0" timestamp="2023-05-23T00:58:45 CEST" skipped="0">
  <testcase classname="com.teachaway.tests.TestEnrollmentPage" name="enroll" time="41.033"/>
  <system-out/>
</testsuite> <!-- com.teachaway.tests.TestEnrollmentPage -->
